Semilla: 0
Tolerancia relativa: 0.00309284

Trafico/s promediado/s en a:
Probabilidad de bloqueo estimada: 0.207685
	Confidence interval 1: (0.207089,0.208281) with coverage: 0.95
	Confidence interval 2: (0.207042,0.208327) with coverage: 0.96447
	Number of samples: 6881280
	Variance: 0.164552
	Standard deviation: 0.40565
	Maximum sample: 1
	Minimum sample: 0

Trafico/s promediado/s en b:
Probabilidad de bloqueo estimada: 0.369765
	Confidence interval 1: (0.368862,0.370668) with coverage: 0.95
	Confidence interval 2: (0.368621,0.370909) with coverage: 0.985392
	Number of samples: 3440084
	Variance: 0.233039
	Standard deviation: 0.482741
	Maximum sample: 1
	Minimum sample: 0

0.261706
	Confidence interval 1: (0.261034,0.262377) with coverage: 0.95
	Confidence interval 2: (0.260896,0.262515) with coverage: 0.980517
	Number of samples: 10321364
	Variance: 0.193216
	Standard deviation: 0.439563
	Maximum sample: 1
	Minimum sample: 0
