Semilla: 0
Tolerancia relativa: 0.00282883

Trafico/s promediado/s en a:
Probabilidad de bloqueo estimada: 0.221968
	Confidence interval 1: (0.22136,0.222576) with coverage: 0.95
	Confidence interval 2: (0.22134,0.222596) with coverage: 0.956479
	Number of samples: 7864320
	Variance: 0.172698
	Standard deviation: 0.41557
	Maximum sample: 1
	Minimum sample: 0

Trafico/s promediado/s en b:
Probabilidad de bloqueo estimada: 0.391905
	Confidence interval 1: (0.391102,0.392708) with coverage: 0.95
	Confidence interval 2: (0.390796,0.393014) with coverage: 0.993911
	Number of samples: 3933860
	Variance: 0.238316
	Standard deviation: 0.488176
	Maximum sample: 1
	Minimum sample: 0

0.27863
	Confidence interval 1: (0.277992,0.279268) with coverage: 0.95
	Confidence interval 2: (0.277842,0.279418) with coverage: 0.98317
	Number of samples: 11798180
	Variance: 0.200995
	Standard deviation: 0.448325
	Maximum sample: 1
	Minimum sample: 0
