Semilla: 0
Tolerancia relativa: 0.00494563

Trafico/s promediado/s en a:
Probabilidad de bloqueo estimada: 0.270078
	Confidence interval 1: (0.269202,0.270954) with coverage: 0.95
	Confidence interval 2: (0.268742,0.271414) with coverage: 0.998215
	Number of samples: 4112563
	Variance: 0.197136
	Standard deviation: 0.444
	Maximum sample: 1
	Minimum sample: 0

Trafico/s promediado/s en b:
Probabilidad de bloqueo estimada: 0.241025
	Confidence interval 1: (0.239878,0.242172) with coverage: 0.95
	Confidence interval 2: (0.239833,0.242217) with coverage: 0.957852
	Number of samples: 2054732
	Variance: 0.182932
	Standard deviation: 0.427706
	Maximum sample: 1
	Minimum sample: 0

0.260399
	Confidence interval 1: (0.259506,0.261291) with coverage: 0.95
	Confidence interval 2: (0.259111,0.261686) with coverage: 0.996171
	Number of samples: 6167295
	Variance: 0.192591
	Standard deviation: 0.438852
	Maximum sample: 1
	Minimum sample: 0
