Semilla: 9
Tolerancia relativa: 0.0168032

Trafico/s promediado/s en a:
Probabilidad de bloqueo estimada: 0.0522821
	Confidence interval 1: (0.0515522,0.053012) with coverage: 0.95
	Confidence interval 2: (0.0514036,0.0531606) with coverage: 0.980496
	Number of samples: 2675427
	Variance: 0.0495487
	Standard deviation: 0.222595
	Maximum sample: 1
	Minimum sample: 0

Trafico/s promediado/s en b:
Probabilidad de bloqueo estimada: 0.0766723
	Confidence interval 1: (0.0754437,0.0779008) with coverage: 0.95
	Confidence interval 2: (0.075384,0.0779606) with coverage: 0.959554
	Number of samples: 1338254
	Variance: 0.0707937
	Standard deviation: 0.266071
	Maximum sample: 1
	Minimum sample: 0

0.0604144
	Confidence interval 1: (0.0595241,0.0613046) with coverage: 0.95
	Confidence interval 2: (0.0593992,0.0614295) with coverage: 0.973551
	Number of samples: 4013681
	Variance: 0.0567645
	Standard deviation: 0.238253
	Maximum sample: 1
	Minimum sample: 0
