Semilla: 9
Tolerancia relativa: 0.00400996

Trafico/s promediado/s en a:
Probabilidad de bloqueo estimada: 0.194067
	Confidence interval 1: (0.193341,0.194793) with coverage: 0.95
	Confidence interval 2: (0.193289,0.194845) with coverage: 0.963657
	Number of samples: 3872107
	Variance: 0.156405
	Standard deviation: 0.395481
	Maximum sample: 1
	Minimum sample: 0

Trafico/s promediado/s en b:
Probabilidad de bloqueo estimada: 0.306266
	Confidence interval 1: (0.305106,0.307427) with coverage: 0.95
	Confidence interval 2: (0.305038,0.307495) with coverage: 0.961316
	Number of samples: 1936239
	Variance: 0.212467
	Standard deviation: 0.460942
	Maximum sample: 1
	Minimum sample: 0

0.231469
	Confidence interval 1: (0.230556,0.232382) with coverage: 0.95
	Confidence interval 2: (0.230541,0.232397) with coverage: 0.953318
	Number of samples: 5808346
	Variance: 0.177891
	Standard deviation: 0.421772
	Maximum sample: 1
	Minimum sample: 0
