Semilla: 9
Tolerancia relativa: 0.0167829

Trafico/s promediado/s en a:
Probabilidad de bloqueo estimada: 0.0522875
	Confidence interval 1: (0.0515577,0.0530174) with coverage: 0.95
	Confidence interval 2: (0.05141,0.0531651) with coverage: 0.980366
	Number of samples: 2687160
	Variance: 0.0495536
	Standard deviation: 0.222606
	Maximum sample: 1
	Minimum sample: 0

Trafico/s promediado/s en b:
Probabilidad de bloqueo estimada: 0.0766859
	Confidence interval 1: (0.0754574,0.0779145) with coverage: 0.95
	Confidence interval 2: (0.0753989,0.0779729) with coverage: 0.959303
	Number of samples: 1344145
	Variance: 0.0708052
	Standard deviation: 0.266093
	Maximum sample: 1
	Minimum sample: 0

0.0604226
	Confidence interval 1: (0.0595324,0.0613129) with coverage: 0.95
	Confidence interval 2: (0.0594086,0.0614367) with coverage: 0.973365
	Number of samples: 4031305
	Variance: 0.0567717
	Standard deviation: 0.238268
	Maximum sample: 1
	Minimum sample: 0
