Semilla: 9
Tolerancia relativa: 0.0108432

Trafico/s promediado/s en a:
Probabilidad de bloqueo estimada: 0.0917548
	Confidence interval 1: (0.0908113,0.0926982) with coverage: 0.95
	Confidence interval 2: (0.0907599,0.0927497) with coverage: 0.960596
	Number of samples: 3931675
	Variance: 0.0833359
	Standard deviation: 0.28868
	Maximum sample: 1
	Minimum sample: 0

Trafico/s promediado/s en b:
Probabilidad de bloqueo estimada: 0.120099
	Confidence interval 1: (0.118897,0.121301) with coverage: 0.95
	Confidence interval 2: (0.118797,0.121402) with coverage: 0.965461
	Number of samples: 1966565
	Variance: 0.105675
	Standard deviation: 0.325078
	Maximum sample: 1
	Minimum sample: 0

0.101205
	Confidence interval 1: (0.100225,0.102186) with coverage: 0.95
	Confidence interval 2: (0.100108,0.102303) with coverage: 0.970509
	Number of samples: 5898240
	Variance: 0.0909628
	Standard deviation: 0.3016
	Maximum sample: 1
	Minimum sample: 0
