Semilla: 9
Tolerancia relativa: 0.012663

Trafico/s promediado/s en a:
Probabilidad de bloqueo estimada: 0.0705592
	Confidence interval 1: (0.069819,0.0712994) with coverage: 0.95
	Confidence interval 2: (0.0696658,0.0714527) with coverage: 0.980555
	Number of samples: 2456659
	Variance: 0.0655807
	Standard deviation: 0.256087
	Maximum sample: 1
	Minimum sample: 0

Trafico/s promediado/s en b:
Probabilidad de bloqueo estimada: 0.105075
	Confidence interval 1: (0.103785,0.106365) with coverage: 0.95
	Confidence interval 2: (0.103744,0.106405) with coverage: 0.956182
	Number of samples: 1228800
	Variance: 0.0940342
	Standard deviation: 0.30665
	Maximum sample: 1
	Minimum sample: 0

0.0820674
	Confidence interval 1: (0.0812536,0.0828812) with coverage: 0.95
	Confidence interval 2: (0.0810282,0.0831066) with coverage: 0.986232
	Number of samples: 3685459
	Variance: 0.0753324
	Standard deviation: 0.274467
	Maximum sample: 1
	Minimum sample: 0
