Semilla: 9
Tolerancia relativa: 0.00513033

Trafico/s promediado/s en a:
Probabilidad de bloqueo estimada: 0.192493
	Confidence interval 1: (0.191701,0.193284) with coverage: 0.95
	Confidence interval 2: (0.191505,0.19348) with coverage: 0.984099
	Number of samples: 4700600
	Variance: 0.155439
	Standard deviation: 0.394258
	Maximum sample: 1
	Minimum sample: 0

Trafico/s promediado/s en b:
Probabilidad de bloqueo estimada: 0.251325
	Confidence interval 1: (0.250246,0.252404) with coverage: 0.95
	Confidence interval 2: (0.250035,0.252614) with coverage: 0.979559
	Number of samples: 2351405
	Variance: 0.188161
	Standard deviation: 0.433775
	Maximum sample: 1
	Minimum sample: 0

0.212109
	Confidence interval 1: (0.211266,0.212953) with coverage: 0.95
	Confidence interval 2: (0.211021,0.213198) with coverage: 0.987207
	Number of samples: 7052005
	Variance: 0.167119
	Standard deviation: 0.408802
	Maximum sample: 1
	Minimum sample: 0
