Semilla: 9
Tolerancia relativa: 0.00359089

Trafico/s promediado/s en a:
Probabilidad de bloqueo estimada: 0.255931
	Confidence interval 1: (0.255137,0.256726) with coverage: 0.95
	Confidence interval 2: (0.255012,0.25685) with coverage: 0.975451
	Number of samples: 5898240
	Variance: 0.190431
	Standard deviation: 0.436384
	Maximum sample: 1
	Minimum sample: 0

Trafico/s promediado/s en b:
Probabilidad de bloqueo estimada: 0.332697
	Confidence interval 1: (0.331833,0.333561) with coverage: 0.95
	Confidence interval 2: (0.331502,0.333892) with coverage: 0.994027
	Number of samples: 2951816
	Variance: 0.22201
	Standard deviation: 0.471179
	Maximum sample: 1
	Minimum sample: 0

0.281536
	Confidence interval 1: (0.280627,0.282444) with coverage: 0.95
	Confidence interval 2: (0.280525,0.282546) with coverage: 0.969674
	Number of samples: 8850056
	Variance: 0.202273
	Standard deviation: 0.449748
	Maximum sample: 1
	Minimum sample: 0
