Semilla: 9
Tolerancia relativa: 0.00361771

Trafico/s promediado/s en a:
Probabilidad de bloqueo estimada: 0.209284
	Confidence interval 1: (0.208759,0.209809) with coverage: 0.95
	Confidence interval 2: (0.208527,0.210041) with coverage: 0.99613
	Number of samples: 4587928
	Variance: 0.165484
	Standard deviation: 0.406798
	Maximum sample: 1
	Minimum sample: 0

Trafico/s promediado/s en b:
Probabilidad de bloqueo estimada: 0.331805
	Confidence interval 1: (0.330829,0.332781) with coverage: 0.95
	Confidence interval 2: (0.330605,0.333005) with coverage: 0.982741
	Number of samples: 2293784
	Variance: 0.221711
	Standard deviation: 0.470861
	Maximum sample: 1
	Minimum sample: 0

0.250122
	Confidence interval 1: (0.249542,0.250703) with coverage: 0.95
	Confidence interval 2: (0.249217,0.251027) with coverage: 0.998742
	Number of samples: 6881712
	Variance: 0.187561
	Standard deviation: 0.433083
	Maximum sample: 1
	Minimum sample: 0
