Semilla: 9
Tolerancia relativa: 0.002

Trafico/s promediado/s en a:
Probabilidad de bloqueo estimada: 0.0896748
	Confidence interval 1: (0.0895038,0.0898458) with coverage: 0.95
	Confidence interval 2: (0.0894955,0.0898542) with coverage: 0.95969
	Number of samples: 55220517
	Variance: 0.0816332
	Standard deviation: 0.285715
	Maximum sample: 1
	Minimum sample: 0

Trafico/s promediado/s en b:
Probabilidad de bloqueo estimada: 0.135547
	Confidence interval 1: (0.135284,0.135811) with coverage: 0.95
	Confidence interval 2: (0.135276,0.135818) with coverage: 0.955862
	Number of samples: 27611973
	Variance: 0.117174
	Standard deviation: 0.342307
	Maximum sample: 1
	Minimum sample: 0

0.104966
	Confidence interval 1: (0.104769,0.105164) with coverage: 0.95
	Confidence interval 2: (0.104756,0.105176) with coverage: 0.962072
	Number of samples: 82832490
	Variance: 0.0939484
	Standard deviation: 0.30651
	Maximum sample: 1
	Minimum sample: 0
