Semilla: 9
Tolerancia relativa: 0.00326586

Trafico/s promediado/s en a:
Probabilidad de bloqueo estimada: 0.274822
	Confidence interval 1: (0.274096,0.275548) with coverage: 0.95
	Confidence interval 2: (0.273925,0.27572) with coverage: 0.983336
	Number of samples: 6881280
	Variance: 0.199295
	Standard deviation: 0.446425
	Maximum sample: 1
	Minimum sample: 0

Trafico/s promediado/s en b:
Probabilidad de bloqueo estimada: 0.356677
	Confidence interval 1: (0.35563,0.357725) with coverage: 0.95
	Confidence interval 2: (0.355512,0.357842) with coverage: 0.969539
	Number of samples: 3444066
	Variance: 0.229459
	Standard deviation: 0.479018
	Maximum sample: 1
	Minimum sample: 0

0.302125
	Confidence interval 1: (0.301274,0.302977) with coverage: 0.95
	Confidence interval 2: (0.301139,0.303112) with coverage: 0.975625
	Number of samples: 10325346
	Variance: 0.210846
	Standard deviation: 0.459179
	Maximum sample: 1
	Minimum sample: 0
